#
# There is insufficient memory for the Java Runtime Environment to continue.
# Native memory allocation (mmap) failed to map 97517568 bytes for G1 virtual space
# Possible reasons:
#   The system is out of physical RAM or swap space
#   The process is running with CompressedOops enabled, and the Java Heap may be blocking the growth of the native heap
# Possible solutions:
#   Reduce memory load on the system
#   Increase physical memory or swap space
#   Check if swap backing store is full
#   Decrease Java heap size (-Xmx/-Xms)
#   Decrease number of Java threads
#   Decrease Java thread stack sizes (-Xss)
#   Set larger code cache with -XX:ReservedCodeCacheSize=
#   JVM is running with Unscaled Compressed Oops mode in which the Java heap is
#     placed in the first 4GB address space. The Java Heap base address is the
#     maximum limit for the native heap growth. Please use -XX:HeapBaseMinAddress
#     to set the Java Heap base and to place the Java Heap above 4GB virtual address.
# This output file may be truncated or incomplete.
#
#  Out of Memory Error (os_windows.cpp:3548), pid=19000, tid=5820
#
# JRE version: Java(TM) SE Runtime Environment (17.0.12+8) (build 17.0.12+8-LTS-286)
# Java VM: Java HotSpot(TM) 64-Bit Server VM (17.0.12+8-LTS-286, mixed mode, sharing, tiered, compressed oops, compressed class ptrs, g1 gc, windows-amd64)
# No core dump will be written. Minidumps are not enabled by default on client versions of Windows
#

---------------  S U M M A R Y ------------

Command Line: --enable-native-access=ALL-UNNAMED -Dclassworlds.conf=C:\apache-maven\bin\m2.conf -Dmaven.home=C:\apache-maven -Dlibrary.jansi.path=C:\apache-maven\lib\jansi-native -Dmaven.multiModuleProjectDirectory=D:\FOUNDERLINK-DEPLOY\api-gateway org.codehaus.plexus.classworlds.launcher.Launcher clean package -DskipTests

Host: 11th Gen Intel(R) Core(TM) i5-1135G7 @ 2.40GHz, 8 cores, 7G,  Windows 11 , 64 bit Build 26100 (10.0.26100.8246)
Time: Thu Apr 23 21:04:17 2026 India Standard Time elapsed time: 11.879410 seconds (0d 0h 0m 11s)

---------------  T H R E A D  ---------------

Current thread (0x000002f165f22820):  VMThread "VM Thread" [stack: 0x000000f4d6d00000,0x000000f4d6e00000] [id=5820]

Stack: [0x000000f4d6d00000,0x000000f4d6e00000]
Native frames: (J=compiled Java code, j=interpreted, Vv=VM code, C=native code)
V  [jvm.dll+0x67a04a]
V  [jvm.dll+0x7da4ed]
V  [jvm.dll+0x7dbe33]
V  [jvm.dll+0x7dc4a3]
V  [jvm.dll+0x24508f]
V  [jvm.dll+0x677089]
V  [jvm.dll+0x66bd32]
V  [jvm.dll+0x301fa6]
V  [jvm.dll+0x309546]
V  [jvm.dll+0x359d2e]
V  [jvm.dll+0x359f5f]
V  [jvm.dll+0x2d9078]
V  [jvm.dll+0x2d74ad]
V  [jvm.dll+0x2d6afc]
V  [jvm.dll+0x31a65b]
V  [jvm.dll+0x7e0d9b]
V  [jvm.dll+0x7e1ad4]
V  [jvm.dll+0x7e1fed]
V  [jvm.dll+0x7e23c4]
V  [jvm.dll+0x7e2490]
V  [jvm.dll+0x78abea]
V  [jvm.dll+0x678f35]
C  [ucrtbase.dll+0x37b0]
C  [KERNEL32.DLL+0x2e8d7]
C  [ntdll.dll+0x8c3fc]

VM_Operation (0x000000f4d67fd380): G1CollectForAllocation, mode: safepoint, requested by thread 0x000002f1461da1b0


---------------  P R O C E S S  ---------------

Threads class SMR info:
_java_thread_list=0x000002f16c4bfeb0, length=14, elements={
0x000002f1461da1b0, 0x000002f165f2a1e0, 0x000002f165f2cfb0, 0x000002f165f3e650,
0x000002f165f3f010, 0x000002f165f3f9d0, 0x000002f165f413a0, 0x000002f165f42090,
0x000002f165f42a90, 0x000002f165f574c0, 0x000002f16a248660, 0x000002f16a24ef80,
0x000002f16b61cc90, 0x000002f16c574610
}

Java Threads: ( => current thread )
  0x000002f1461da1b0 JavaThread "main" [_thread_blocked, id=8652, stack(0x000000f4d6700000,0x000000f4d6800000)]
  0x000002f165f2a1e0 JavaThread "Reference Handler" daemon [_thread_blocked, id=18084, stack(0x000000f4d6e00000,0x000000f4d6f00000)]
  0x000002f165f2cfb0 JavaThread "Finalizer" daemon [_thread_blocked, id=6684, stack(0x000000f4d6f00000,0x000000f4d7000000)]
  0x000002f165f3e650 JavaThread "Signal Dispatcher" daemon [_thread_blocked, id=2836, stack(0x000000f4d7000000,0x000000f4d7100000)]
  0x000002f165f3f010 JavaThread "Attach Listener" daemon [_thread_blocked, id=16428, stack(0x000000f4d7100000,0x000000f4d7200000)]
  0x000002f165f3f9d0 JavaThread "Service Thread" daemon [_thread_blocked, id=10440, stack(0x000000f4d7200000,0x000000f4d7300000)]
  0x000002f165f413a0 JavaThread "Monitor Deflation Thread" daemon [_thread_blocked, id=5060, stack(0x000000f4d7300000,0x000000f4d7400000)]
  0x000002f165f42090 JavaThread "C2 CompilerThread0" daemon [_thread_blocked, id=18720, stack(0x000000f4d7400000,0x000000f4d7500000)]
  0x000002f165f42a90 JavaThread "C1 CompilerThread0" daemon [_thread_blocked, id=17952, stack(0x000000f4d7500000,0x000000f4d7600000)]
  0x000002f165f574c0 JavaThread "Sweeper thread" daemon [_thread_blocked, id=5544, stack(0x000000f4d7600000,0x000000f4d7700000)]
  0x000002f16a248660 JavaThread "Notification Thread" daemon [_thread_blocked, id=14524, stack(0x000000f4d7700000,0x000000f4d7800000)]
  0x000002f16a24ef80 JavaThread "Common-Cleaner" daemon [_thread_blocked, id=9772, stack(0x000000f4d7900000,0x000000f4d7a00000)]
  0x000002f16b61cc90 JavaThread "Thread-1" daemon [_thread_blocked, id=15248, stack(0x000000f4d8300000,0x000000f4d8400000)]
  0x000002f16c574610 JavaThread "C2 CompilerThread1" daemon [_thread_blocked, id=6140, stack(0x000000f4d7a00000,0x000000f4d7b00000)]

Other Threads:
=>0x000002f165f22820 VMThread "VM Thread" [stack: 0x000000f4d6d00000,0x000000f4d6e00000] [id=5820]
  0x000002f14628b2f0 WatcherThread [stack: 0x000000f4d7800000,0x000000f4d7900000] [id=19684]
  0x000002f146233140 GCTaskThread "GC Thread#0" [stack: 0x000000f4d6800000,0x000000f4d6900000] [id=4596]
  0x000002f16af94320 GCTaskThread "GC Thread#1" [stack: 0x000000f4d7c00000,0x000000f4d7d00000] [id=15496]
  0x000002f16b1d0880 GCTaskThread "GC Thread#2" [stack: 0x000000f4d7d00000,0x000000f4d7e00000] [id=11936]
  0x000002f16aa28780 GCTaskThread "GC Thread#3" [stack: 0x000000f4d7e00000,0x000000f4d7f00000] [id=9332]
  0x000002f16b0178f0 GCTaskThread "GC Thread#4" [stack: 0x000000f4d7f00000,0x000000f4d8000000] [id=15136]
  0x000002f16b017bb0 GCTaskThread "GC Thread#5" [stack: 0x000000f4d8000000,0x000000f4d8100000] [id=18808]
  0x000002f16ae47df0 GCTaskThread "GC Thread#6" [stack: 0x000000f4d8100000,0x000000f4d8200000] [id=20808]
  0x000002f16aeaf060 GCTaskThread "GC Thread#7" [stack: 0x000000f4d8200000,0x000000f4d8300000] [id=12448]
  0x000002f146243750 ConcurrentGCThread "G1 Main Marker" [stack: 0x000000f4d6900000,0x000000f4d6a00000] [id=8600]
  0x000002f146244060 ConcurrentGCThread "G1 Conc#0" [stack: 0x000000f4d6a00000,0x000000f4d6b00000] [id=10992]
  0x000002f16a3afb20 ConcurrentGCThread "G1 Conc#1" [stack: 0x000000f4d8400000,0x000000f4d8500000] [id=12532]
  0x000002f14629e970 ConcurrentGCThread "G1 Refine#0" [stack: 0x000000f4d6b00000,0x000000f4d6c00000] [id=10788]
  0x000002f16d3ccac0 ConcurrentGCThread "G1 Refine#1" [stack: 0x000000f4d8500000,0x000000f4d8600000] [id=6436]
  0x000002f16d3cd680 ConcurrentGCThread "G1 Refine#2" [stack: 0x000000f4d8600000,0x000000f4d8700000] [id=8396]
  0x000002f16d3ce240 ConcurrentGCThread "G1 Refine#3" [stack: 0x000000f4d8700000,0x000000f4d8800000] [id=17256]
  0x000002f165dd2170 ConcurrentGCThread "G1 Service" [stack: 0x000000f4d6c00000,0x000000f4d6d00000] [id=4900]

Threads with active compile tasks:

VM state: at safepoint (normal execution)

VM Mutex/Monitor currently owned by a thread:  ([mutex/lock_event])
[0x000002f145c59ad0] Threads_lock - owner thread: 0x000002f165f22820
[0x000002f1461d8180] Heap_lock - owner thread: 0x000002f1461da1b0

Heap address: 0x0000000084200000, size: 1982 MB, Compressed Oops mode: 32-bit

CDS archive(s) mapped at: [0x000002f100000000-0x000002f100bd0000-0x000002f100bd0000), size 12386304, SharedBaseAddress: 0x000002f100000000, ArchiveRelocationMode: 1.
Compressed class space mapped at: 0x000002f101000000-0x000002f141000000, reserved size: 1073741824
Narrow klass base: 0x000002f100000000, Narrow klass shift: 0, Narrow klass range: 0x100000000

GC Precious Log:
 CPUs: 8 total, 8 available
 Memory: 7926M
 Large Page Support: Disabled
 NUMA Support: Disabled
 Compressed Oops: Enabled (32-bit)
 Heap Region Size: 1M
 Heap Min Capacity: 8M
 Heap Initial Capacity: 124M
 Heap Max Capacity: 1982M
 Pre-touch: Disabled
 Parallel Workers: 8
 Concurrent Workers: 2
 Concurrent Refinement Workers: 8
 Periodic GC: Disabled

Heap:
 garbage-first heap   total 162816K, used 45254K [0x0000000084200000, 0x0000000100000000)
  region size 1024K, 1 young (1024K), 1 survivors (1024K)
 Metaspace       used 34251K, committed 34688K, reserved 1114112K
  class space    used 4006K, committed 4224K, reserved 1048576K

Heap Regions: E=young(eden), S=young(survivor), O=old, HS=humongous(starts), HC=humongous(continues), CS=collection set, F=free, OA=open archive, CA=closed archive, TAMS=top-at-mark-start (previous, next)
|   0|0x0000000084200000, 0x0000000084300000, 0x0000000084300000|100%| O|  |TAMS 0x0000000084300000, 0x0000000084200000| Untracked 
|   1|0x0000000084300000, 0x0000000084400000, 0x0000000084400000|100%| O|  |TAMS 0x0000000084400000, 0x0000000084300000| Untracked 
|   2|0x0000000084400000, 0x0000000084500000, 0x0000000084500000|100%| O|  |TAMS 0x0000000084500000, 0x0000000084400000| Untracked 
|   3|0x0000000084500000, 0x0000000084600000, 0x0000000084600000|100%| O|  |TAMS 0x0000000084600000, 0x0000000084500000| Untracked 
|   4|0x0000000084600000, 0x0000000084700000, 0x0000000084700000|100%| O|  |TAMS 0x0000000084700000, 0x0000000084600000| Untracked 
|   5|0x0000000084700000, 0x0000000084800000, 0x0000000084800000|100%| O|  |TAMS 0x0000000084800000, 0x0000000084700000| Untracked 
|   6|0x0000000084800000, 0x0000000084900000, 0x0000000084900000|100%| O|  |TAMS 0x0000000084900000, 0x0000000084800000| Untracked 
|   7|0x0000000084900000, 0x0000000084a00000, 0x0000000084a00000|100%| O|  |TAMS 0x0000000084a00000, 0x0000000084900000| Untracked 
|   8|0x0000000084a00000, 0x0000000084b00000, 0x0000000084b00000|100%| O|  |TAMS 0x0000000084b00000, 0x0000000084a00000| Untracked 
|   9|0x0000000084b00000, 0x0000000084c00000, 0x0000000084c00000|100%| O|  |TAMS 0x0000000084c00000, 0x0000000084b00000| Untracked 
|  10|0x0000000084c00000, 0x0000000084d00000, 0x0000000084d00000|100%| O|  |TAMS 0x0000000084c00000, 0x0000000084c00000| Untracked 
|  11|0x0000000084d00000, 0x0000000084e00000, 0x0000000084e00000|100%| O|  |TAMS 0x0000000084e00000, 0x0000000084d00000| Untracked 
|  12|0x0000000084e00000, 0x0000000084f00000, 0x0000000084f00000|100%| O|  |TAMS 0x0000000084f00000, 0x0000000084e00000| Untracked 
|  13|0x0000000084f00000, 0x0000000085000000, 0x0000000085000000|100%| O|  |TAMS 0x0000000085000000, 0x0000000084f00000| Untracked 
|  14|0x0000000085000000, 0x0000000085100000, 0x0000000085100000|100%| O|  |TAMS 0x0000000085100000, 0x0000000085000000| Untracked 
|  15|0x0000000085100000, 0x0000000085200000, 0x0000000085200000|100%| O|  |TAMS 0x0000000085100000, 0x0000000085100000| Untracked 
|  16|0x0000000085200000, 0x0000000085300000, 0x0000000085300000|100%| O|  |TAMS 0x0000000085200000, 0x0000000085200000| Untracked 
|  17|0x0000000085300000, 0x0000000085400000, 0x0000000085400000|100%| O|  |TAMS 0x0000000085300000, 0x0000000085300000| Untracked 
|  18|0x0000000085400000, 0x0000000085500000, 0x0000000085500000|100%| O|  |TAMS 0x0000000085400000, 0x0000000085400000| Untracked 
|  19|0x0000000085500000, 0x0000000085600000, 0x0000000085600000|100%| O|  |TAMS 0x0000000085600000, 0x0000000085500000| Untracked 
|  20|0x0000000085600000, 0x0000000085700000, 0x0000000085700000|100%| O|  |TAMS 0x0000000085600000, 0x0000000085600000| Untracked 
|  21|0x0000000085700000, 0x0000000085800000, 0x0000000085800000|100%| O|  |TAMS 0x0000000085700000, 0x0000000085700000| Untracked 
|  22|0x0000000085800000, 0x00000000858dae00, 0x0000000085900000| 85%| O|  |TAMS 0x0000000085800000, 0x0000000085800000| Untracked 
|  23|0x0000000085900000, 0x0000000085900000, 0x0000000085a00000|  0%| F|  |TAMS 0x0000000085900000, 0x0000000085900000| Untracked 
|  24|0x0000000085a00000, 0x0000000085b00000, 0x0000000085b00000|100%| O|  |TAMS 0x0000000085b00000, 0x0000000085a00000| Untracked 
|  25|0x0000000085b00000, 0x0000000085c00000, 0x0000000085c00000|100%| O|  |TAMS 0x0000000085c00000, 0x0000000085b00000| Untracked 
|  26|0x0000000085c00000, 0x0000000085c00000, 0x0000000085d00000|  0%| F|  |TAMS 0x0000000085c00000, 0x0000000085c00000| Untracked 
|  27|0x0000000085d00000, 0x0000000085d00000, 0x0000000085e00000|  0%| F|  |TAMS 0x0000000085d00000, 0x0000000085d00000| Untracked 
|  28|0x0000000085e00000, 0x0000000085e00000, 0x0000000085f00000|  0%| F|  |TAMS 0x0000000085e00000, 0x0000000085e00000| Untracked 
|  29|0x0000000085f00000, 0x0000000085f00000, 0x0000000086000000|  0%| F|  |TAMS 0x0000000085f00000, 0x0000000085f00000| Untracked 
|  30|0x0000000086000000, 0x0000000086100000, 0x0000000086100000|100%| O|  |TAMS 0x0000000086100000, 0x0000000086000000| Untracked 
|  31|0x0000000086100000, 0x0000000086100000, 0x0000000086200000|  0%| F|  |TAMS 0x0000000086100000, 0x0000000086100000| Untracked 
|  32|0x0000000086200000, 0x0000000086300000, 0x0000000086300000|100%|HS|  |TAMS 0x0000000086300000, 0x0000000086200000| Complete 
|  33|0x0000000086300000, 0x0000000086400000, 0x0000000086400000|100%|HC|  |TAMS 0x0000000086400000, 0x0000000086300000| Complete 
|  34|0x0000000086400000, 0x0000000086500000, 0x0000000086500000|100%| O|  |TAMS 0x0000000086400000, 0x0000000086400000| Untracked 
|  35|0x0000000086500000, 0x0000000086500000, 0x0000000086600000|  0%| F|  |TAMS 0x0000000086500000, 0x0000000086500000| Untracked 
|  36|0x0000000086600000, 0x0000000086700000, 0x0000000086700000|100%| O|  |TAMS 0x0000000086600000, 0x0000000086600000| Untracked 
|  37|0x0000000086700000, 0x0000000086800000, 0x0000000086800000|100%|HS|  |TAMS 0x0000000086800000, 0x0000000086700000| Complete 
|  38|0x0000000086800000, 0x0000000086800000, 0x0000000086900000|  0%| F|  |TAMS 0x0000000086800000, 0x0000000086800000| Untracked 
|  39|0x0000000086900000, 0x0000000086900000, 0x0000000086a00000|  0%| F|  |TAMS 0x0000000086900000, 0x0000000086900000| Untracked 
|  40|0x0000000086a00000, 0x0000000086a00000, 0x0000000086b00000|  0%| F|  |TAMS 0x0000000086a00000, 0x0000000086a00000| Untracked 
|  41|0x0000000086b00000, 0x0000000086b00000, 0x0000000086c00000|  0%| F|  |TAMS 0x0000000086b00000, 0x0000000086b00000| Untracked 
|  42|0x0000000086c00000, 0x0000000086c00000, 0x0000000086d00000|  0%| F|  |TAMS 0x0000000086c00000, 0x0000000086c00000| Untracked 
|  43|0x0000000086d00000, 0x0000000086d00000, 0x0000000086e00000|  0%| F|  |TAMS 0x0000000086d00000, 0x0000000086d00000| Untracked 
|  44|0x0000000086e00000, 0x0000000086e00000, 0x0000000086f00000|  0%| F|  |TAMS 0x0000000086e00000, 0x0000000086e00000| Untracked 
|  45|0x0000000086f00000, 0x0000000086f00000, 0x0000000087000000|  0%| F|  |TAMS 0x0000000086f00000, 0x0000000086f00000| Untracked 
|  46|0x0000000087000000, 0x0000000087000000, 0x0000000087100000|  0%| F|  |TAMS 0x0000000087000000, 0x0000000087000000| Untracked 
|  47|0x0000000087100000, 0x0000000087200000, 0x0000000087200000|100%| O|  |TAMS 0x0000000087200000, 0x0000000087100000| Untracked 
|  48|0x0000000087200000, 0x0000000087200000, 0x0000000087300000|  0%| F|  |TAMS 0x0000000087200000, 0x0000000087200000| Untracked 
|  49|0x0000000087300000, 0x0000000087300000, 0x0000000087400000|  0%| F|  |TAMS 0x0000000087300000, 0x0000000087300000| Untracked 
|  50|0x0000000087400000, 0x0000000087500000, 0x0000000087500000|100%| O|  |TAMS 0x0000000087500000, 0x0000000087400000| Untracked 
|  51|0x0000000087500000, 0x0000000087500000, 0x0000000087600000|  0%| F|  |TAMS 0x0000000087500000, 0x0000000087500000| Untracked 
|  52|0x0000000087600000, 0x0000000087600000, 0x0000000087700000|  0%| F|  |TAMS 0x0000000087600000, 0x0000000087600000| Untracked 
|  53|0x0000000087700000, 0x0000000087700000, 0x0000000087800000|  0%| F|  |TAMS 0x0000000087700000, 0x0000000087700000| Untracked 
|  54|0x0000000087800000, 0x0000000087900000, 0x0000000087900000|100%| O|  |TAMS 0x0000000087900000, 0x0000000087800000| Untracked 
|  55|0x0000000087900000, 0x0000000087900000, 0x0000000087a00000|  0%| F|  |TAMS 0x0000000087900000, 0x0000000087900000| Untracked 
|  56|0x0000000087a00000, 0x0000000087a00000, 0x0000000087b00000|  0%| F|  |TAMS 0x0000000087a00000, 0x0000000087a00000| Untracked 
|  57|0x0000000087b00000, 0x0000000087b00000, 0x0000000087c00000|  0%| F|  |TAMS 0x0000000087b00000, 0x0000000087b00000| Untracked 
|  58|0x0000000087c00000, 0x0000000087c00000, 0x0000000087d00000|  0%| F|  |TAMS 0x0000000087c00000, 0x0000000087c00000| Untracked 
|  59|0x0000000087d00000, 0x0000000087d00000, 0x0000000087e00000|  0%| F|  |TAMS 0x0000000087d00000, 0x0000000087d00000| Untracked 
|  60|0x0000000087e00000, 0x0000000087e00000, 0x0000000087f00000|  0%| F|  |TAMS 0x0000000087e00000, 0x0000000087e00000| Untracked 
|  61|0x0000000087f00000, 0x0000000087f00000, 0x0000000088000000|  0%| F|  |TAMS 0x0000000087f00000, 0x0000000087f00000| Untracked 
|  62|0x0000000088000000, 0x0000000088100000, 0x0000000088100000|100%| O|  |TAMS 0x0000000088100000, 0x0000000088000000| Untracked 
|  63|0x0000000088100000, 0x0000000088100000, 0x0000000088200000|  0%| F|  |TAMS 0x0000000088100000, 0x0000000088100000| Untracked 
|  64|0x0000000088200000, 0x0000000088200000, 0x0000000088300000|  0%| F|  |TAMS 0x0000000088200000, 0x0000000088200000| Untracked 
|  65|0x0000000088300000, 0x0000000088400000, 0x0000000088400000|100%| O|  |TAMS 0x0000000088400000, 0x0000000088300000| Untracked 
|  66|0x0000000088400000, 0x0000000088400000, 0x0000000088500000|  0%| F|  |TAMS 0x0000000088400000, 0x0000000088400000| Untracked 
|  67|0x0000000088500000, 0x0000000088600000, 0x0000000088600000|100%| O|  |TAMS 0x0000000088600000, 0x0000000088500000| Untracked 
|  68|0x0000000088600000, 0x0000000088700000, 0x0000000088700000|100%| O|  |TAMS 0x0000000088700000, 0x0000000088600000| Untracked 
|  69|0x0000000088700000, 0x0000000088800000, 0x0000000088800000|100%| O|  |TAMS 0x0000000088800000, 0x0000000088700000| Untracked 
|  70|0x0000000088800000, 0x0000000088900000, 0x0000000088900000|100%| O|  |TAMS 0x0000000088900000, 0x0000000088800000| Untracked 
|  71|0x0000000088900000, 0x0000000088900000, 0x0000000088a00000|  0%| F|  |TAMS 0x0000000088900000, 0x0000000088900000| Untracked 
|  72|0x0000000088a00000, 0x0000000088b00000, 0x0000000088b00000|100%| O|  |TAMS 0x0000000088b00000, 0x0000000088a00000| Untracked 
|  73|0x0000000088b00000, 0x0000000088c00000, 0x0000000088c00000|100%| O|  |TAMS 0x0000000088c00000, 0x0000000088b00000| Untracked 
|  74|0x0000000088c00000, 0x0000000088d00000, 0x0000000088d00000|100%| O|  |TAMS 0x0000000088d00000, 0x0000000088c00000| Untracked 
|  75|0x0000000088d00000, 0x0000000088d00000, 0x0000000088e00000|  0%| F|  |TAMS 0x0000000088d00000, 0x0000000088d00000| Untracked 
|  76|0x0000000088e00000, 0x0000000088e00000, 0x0000000088f00000|  0%| F|  |TAMS 0x0000000088e00000, 0x0000000088e00000| Untracked 
|  77|0x0000000088f00000, 0x0000000088f00000, 0x0000000089000000|  0%| F|  |TAMS 0x0000000088f00000, 0x0000000088f00000| Untracked 
|  78|0x0000000089000000, 0x0000000089000000, 0x0000000089100000|  0%| F|  |TAMS 0x0000000089000000, 0x0000000089000000| Untracked 
|  79|0x0000000089100000, 0x0000000089100000, 0x0000000089200000|  0%| F|  |TAMS 0x0000000089100000, 0x0000000089100000| Untracked 
|  80|0x0000000089200000, 0x0000000089200000, 0x0000000089300000|  0%| F|  |TAMS 0x0000000089200000, 0x0000000089200000| Untracked 
|  81|0x0000000089300000, 0x0000000089300000, 0x0000000089400000|  0%| F|  |TAMS 0x0000000089300000, 0x0000000089300000| Untracked 
|  82|0x0000000089400000, 0x0000000089400000, 0x0000000089500000|  0%| F|  |TAMS 0x0000000089400000, 0x0000000089400000| Untracked 
|  83|0x0000000089500000, 0x0000000089500000, 0x0000000089600000|  0%| F|  |TAMS 0x0000000089500000, 0x0000000089500000| Untracked 
|  84|0x0000000089600000, 0x0000000089600000, 0x0000000089700000|  0%| F|  |TAMS 0x0000000089600000, 0x0000000089600000| Untracked 
|  85|0x0000000089700000, 0x0000000089700000, 0x0000000089800000|  0%| F|  |TAMS 0x0000000089700000, 0x0000000089700000| Untracked 
|  86|0x0000000089800000, 0x0000000089800000, 0x0000000089900000|  0%| F|  |TAMS 0x0000000089800000, 0x0000000089800000| Untracked 
|  87|0x0000000089900000, 0x0000000089900000, 0x0000000089a00000|  0%| F|  |TAMS 0x0000000089900000, 0x0000000089900000| Untracked 
|  88|0x0000000089a00000, 0x0000000089a00000, 0x0000000089b00000|  0%| F|  |TAMS 0x0000000089a00000, 0x0000000089a00000| Untracked 
|  89|0x0000000089b00000, 0x0000000089b00000, 0x0000000089c00000|  0%| F|  |TAMS 0x0000000089b00000, 0x0000000089b00000| Untracked 
|  90|0x0000000089c00000, 0x0000000089c00000, 0x0000000089d00000|  0%| F|  |TAMS 0x0000000089c00000, 0x0000000089c00000| Untracked 
|  91|0x0000000089d00000, 0x0000000089d00000, 0x0000000089e00000|  0%| F|  |TAMS 0x0000000089d00000, 0x0000000089d00000| Untracked 
|  92|0x0000000089e00000, 0x0000000089e00000, 0x0000000089f00000|  0%| F|  |TAMS 0x0000000089e00000, 0x0000000089e00000| Untracked 
|  93|0x0000000089f00000, 0x0000000089f00000, 0x000000008a000000|  0%| F|  |TAMS 0x0000000089f00000, 0x0000000089f00000| Untracked 
|  94|0x000000008a000000, 0x000000008a000000, 0x000000008a100000|  0%| F|  |TAMS 0x000000008a000000, 0x000000008a000000| Untracked 
|  95|0x000000008a100000, 0x000000008a100000, 0x000000008a200000|  0%| F|  |TAMS 0x000000008a100000, 0x000000008a100000| Untracked 
|  96|0x000000008a200000, 0x000000008a200000, 0x000000008a300000|  0%| F|  |TAMS 0x000000008a200000, 0x000000008a200000| Untracked 
|  97|0x000000008a300000, 0x000000008a300000, 0x000000008a400000|  0%| F|  |TAMS 0x000000008a300000, 0x000000008a300000| Untracked 
|  98|0x000000008a400000, 0x000000008a400000, 0x000000008a500000|  0%| F|  |TAMS 0x000000008a400000, 0x000000008a400000| Untracked 
|  99|0x000000008a500000, 0x000000008a500000, 0x000000008a600000|  0%| F|  |TAMS 0x000000008a500000, 0x000000008a500000| Untracked 
| 100|0x000000008a600000, 0x000000008a600000, 0x000000008a700000|  0%| F|  |TAMS 0x000000008a600000, 0x000000008a600000| Untracked 
| 101|0x000000008a700000, 0x000000008a700000, 0x000000008a800000|  0%| F|  |TAMS 0x000000008a700000, 0x000000008a700000| Untracked 
| 102|0x000000008a800000, 0x000000008a800000, 0x000000008a900000|  0%| F|  |TAMS 0x000000008a800000, 0x000000008a800000| Untracked 
| 103|0x000000008a900000, 0x000000008a900000, 0x000000008aa00000|  0%| F|  |TAMS 0x000000008a900000, 0x000000008a900000| Untracked 
| 104|0x000000008aa00000, 0x000000008aa00000, 0x000000008ab00000|  0%| F|  |TAMS 0x000000008aa00000, 0x000000008aa00000| Untracked 
| 105|0x000000008ab00000, 0x000000008ab00000, 0x000000008ac00000|  0%| F|  |TAMS 0x000000008ab00000, 0x000000008ab00000| Untracked 
| 106|0x000000008ac00000, 0x000000008ac00000, 0x000000008ad00000|  0%| F|  |TAMS 0x000000008ac00000, 0x000000008ac00000| Untracked 
| 107|0x000000008ad00000, 0x000000008ad00000, 0x000000008ae00000|  0%| F|  |TAMS 0x000000008ad00000, 0x000000008ad00000| Untracked 
| 108|0x000000008ae00000, 0x000000008ae00000, 0x000000008af00000|  0%| F|  |TAMS 0x000000008ae00000, 0x000000008ae00000| Untracked 
| 109|0x000000008af00000, 0x000000008af00000, 0x000000008b000000|  0%| F|  |TAMS 0x000000008af00000, 0x000000008af00000| Untracked 
| 110|0x000000008b000000, 0x000000008b000000, 0x000000008b100000|  0%| F|  |TAMS 0x000000008b000000, 0x000000008b000000| Untracked 
| 111|0x000000008b100000, 0x000000008b100000, 0x000000008b200000|  0%| F|  |TAMS 0x000000008b100000, 0x000000008b100000| Untracked 
| 112|0x000000008b200000, 0x000000008b200000, 0x000000008b300000|  0%| F|  |TAMS 0x000000008b200000, 0x000000008b200000| Untracked 
| 113|0x000000008b300000, 0x000000008b300000, 0x000000008b400000|  0%| F|  |TAMS 0x000000008b300000, 0x000000008b300000| Untracked 
| 114|0x000000008b400000, 0x000000008b400000, 0x000000008b500000|  0%| F|  |TAMS 0x000000008b400000, 0x000000008b400000| Untracked 
| 115|0x000000008b500000, 0x000000008b500000, 0x000000008b600000|  0%| F|  |TAMS 0x000000008b500000, 0x000000008b500000| Untracked 
| 116|0x000000008b600000, 0x000000008b600000, 0x000000008b700000|  0%| F|  |TAMS 0x000000008b600000, 0x000000008b600000| Untracked 
| 117|0x000000008b700000, 0x000000008b700000, 0x000000008b800000|  0%| F|  |TAMS 0x000000008b700000, 0x000000008b700000| Untracked 
| 118|0x000000008b800000, 0x000000008b800000, 0x000000008b900000|  0%| F|  |TAMS 0x000000008b800000, 0x000000008b800000| Untracked 
| 119|0x000000008b900000, 0x000000008b900000, 0x000000008ba00000|  0%| F|  |TAMS 0x000000008b900000, 0x000000008b900000| Untracked 
| 120|0x000000008ba00000, 0x000000008ba00000, 0x000000008bb00000|  0%| F|  |TAMS 0x000000008ba00000, 0x000000008ba00000| Untracked 
| 121|0x000000008bb00000, 0x000000008bb00000, 0x000000008bc00000|  0%| F|  |TAMS 0x000000008bb00000, 0x000000008bb00000| Untracked 
| 122|0x000000008bc00000, 0x000000008bc00000, 0x000000008bd00000|  0%| F|  |TAMS 0x000000008bc00000, 0x000000008bc00000| Untracked 
| 123|0x000000008bd00000, 0x000000008bd00000, 0x000000008be00000|  0%| F|  |TAMS 0x000000008bd00000, 0x000000008bd00000| Untracked 
| 124|0x000000008be00000, 0x000000008be00000, 0x000000008bf00000|  0%| F|  |TAMS 0x000000008be00000, 0x000000008be00000| Untracked 
| 125|0x000000008bf00000, 0x000000008bf00000, 0x000000008c000000|  0%| F|  |TAMS 0x000000008bf00000, 0x000000008bf00000| Untracked 
| 126|0x000000008c000000, 0x000000008c000000, 0x000000008c100000|  0%| F|  |TAMS 0x000000008c000000, 0x000000008c000000| Untracked 
| 127|0x000000008c100000, 0x000000008c100000, 0x000000008c200000|  0%| F|  |TAMS 0x000000008c100000, 0x000000008c100000| Untracked 
| 128|0x000000008c200000, 0x000000008c200000, 0x000000008c300000|  0%| F|  |TAMS 0x000000008c200000, 0x000000008c200000| Untracked 
| 129|0x000000008c300000, 0x000000008c300000, 0x000000008c400000|  0%| F|  |TAMS 0x000000008c300000, 0x000000008c300000| Untracked 
| 130|0x000000008c400000, 0x000000008c400000, 0x000000008c500000|  0%| F|  |TAMS 0x000000008c400000, 0x000000008c400000| Untracked 
| 131|0x000000008c500000, 0x000000008c500000, 0x000000008c600000|  0%| F|  |TAMS 0x000000008c500000, 0x000000008c500000| Untracked 
| 132|0x000000008c600000, 0x000000008c600000, 0x000000008c700000|  0%| F|  |TAMS 0x000000008c600000, 0x000000008c600000| Untracked 
| 133|0x000000008c700000, 0x000000008c700000, 0x000000008c800000|  0%| F|  |TAMS 0x000000008c700000, 0x000000008c700000| Untracked 
| 134|0x000000008c800000, 0x000000008c800000, 0x000000008c900000|  0%| F|  |TAMS 0x000000008c800000, 0x000000008c800000| Untracked 
| 135|0x000000008c900000, 0x000000008c900000, 0x000000008ca00000|  0%| F|  |TAMS 0x000000008c900000, 0x000000008c900000| Untracked 
| 136|0x000000008ca00000, 0x000000008ca00000, 0x000000008cb00000|  0%| F|  |TAMS 0x000000008ca00000, 0x000000008ca00000| Untracked 
| 137|0x000000008cb00000, 0x000000008cb00000, 0x000000008cc00000|  0%| F|  |TAMS 0x000000008cb00000, 0x000000008cb00000| Untracked 
| 138|0x000000008cc00000, 0x000000008cc00000, 0x000000008cd00000|  0%| F|  |TAMS 0x000000008cc00000, 0x000000008cc00000| Untracked 
| 139|0x000000008cd00000, 0x000000008cd00000, 0x000000008ce00000|  0%| F|  |TAMS 0x000000008cd00000, 0x000000008cd00000| Untracked 
| 140|0x000000008ce00000, 0x000000008ce00000, 0x000000008cf00000|  0%| F|  |TAMS 0x000000008ce00000, 0x000000008ce00000| Untracked 
| 141|0x000000008cf00000, 0x000000008cf00000, 0x000000008d000000|  0%| F|  |TAMS 0x000000008cf00000, 0x000000008cf00000| Untracked 
| 142|0x000000008d000000, 0x000000008d000000, 0x000000008d100000|  0%| F|  |TAMS 0x000000008d000000, 0x000000008d000000| Untracked 
| 143|0x000000008d100000, 0x000000008d100000, 0x000000008d200000|  0%| F|  |TAMS 0x000000008d100000, 0x000000008d100000| Untracked 
| 144|0x000000008d200000, 0x000000008d200000, 0x000000008d300000|  0%| F|  |TAMS 0x000000008d200000, 0x000000008d200000| Untracked 
| 145|0x000000008d300000, 0x000000008d300000, 0x000000008d400000|  0%| F|  |TAMS 0x000000008d300000, 0x000000008d300000| Untracked 
| 146|0x000000008d400000, 0x000000008d400000, 0x000000008d500000|  0%| F|  |TAMS 0x000000008d400000, 0x000000008d400000| Untracked 
| 147|0x000000008d500000, 0x000000008d500000, 0x000000008d600000|  0%| F|  |TAMS 0x000000008d500000, 0x000000008d500000| Untracked 
| 148|0x000000008d600000, 0x000000008d600000, 0x000000008d700000|  0%| F|  |TAMS 0x000000008d600000, 0x000000008d600000| Untracked 
| 149|0x000000008d700000, 0x000000008d700000, 0x000000008d800000|  0%| F|  |TAMS 0x000000008d700000, 0x000000008d700000| Untracked 
|1973|0x00000000ff700000, 0x00000000ff800000, 0x00000000ff800000|100%| O|  |TAMS 0x00000000ff800000, 0x00000000ff700000| Untracked 
|1974|0x00000000ff800000, 0x00000000ff856cb0, 0x00000000ff900000| 33%| S|CS|TAMS 0x00000000ff800000, 0x00000000ff800000| Complete 
|1975|0x00000000ff900000, 0x00000000ff900000, 0x00000000ffa00000|  0%| F|  |TAMS 0x00000000ff900000, 0x00000000ff900000| Untracked 
|1976|0x00000000ffa00000, 0x00000000ffa00000, 0x00000000ffb00000|  0%| F|  |TAMS 0x00000000ffa00000, 0x00000000ffa00000| Untracked 
|1977|0x00000000ffb00000, 0x00000000ffb00000, 0x00000000ffc00000|  0%| F|  |TAMS 0x00000000ffb00000, 0x00000000ffb00000| Untracked 
|1978|0x00000000ffc00000, 0x00000000ffc00000, 0x00000000ffd00000|  0%| F|  |TAMS 0x00000000ffc00000, 0x00000000ffc00000| Untracked 
|1979|0x00000000ffd00000, 0x00000000ffd00000, 0x00000000ffe00000|  0%| F|  |TAMS 0x00000000ffd00000, 0x00000000ffd00000| Untracked 
|1980|0x00000000ffe00000, 0x00000000ffe00000, 0x00000000fff00000|  0%| F|  |TAMS 0x00000000ffe00000, 0x00000000ffe00000| Untracked 
|1981|0x00000000fff00000, 0x00000000fff00000, 0x0000000100000000|  0%| F|  |TAMS 0x00000000fff00000, 0x00000000fff00000| Untracked 

Card table byte_map: [0x000002f15eeb0000,0x000002f15f290000] _byte_map_base: 0x000002f15ea8f000

Marking Bits (Prev, Next): (CMBitMap*) 0x000002f1462336a0, (CMBitMap*) 0x000002f146233660
 Prev Bits: [0x000002f161570000, 0x000002f163468000)
 Next Bits: [0x000002f15f670000, 0x000002f161568000)

Polling page: 0x000002f145f00000

Metaspace:

Usage:
  Non-class:     29.54 MB used.
      Class:      3.91 MB used.
       Both:     33.45 MB used.

Virtual space:
  Non-class space:       64.00 MB reserved,      29.75 MB ( 46%) committed,  1 nodes.
      Class space:        1.00 GB reserved,       4.12 MB ( <1%) committed,  1 nodes.
             Both:        1.06 GB reserved,      33.88 MB (  3%) committed. 

Chunk freelists:
   Non-Class:  2.28 MB
       Class:  11.91 MB
        Both:  14.19 MB

MaxMetaspaceSize: unlimited
CompressedClassSpaceSize: 1.00 GB
Initial GC threshold: 21.00 MB
Current GC threshold: 54.38 MB
CDS: on
MetaspaceReclaimPolicy: balanced
 - commit_granule_bytes: 65536.
 - commit_granule_words: 8192.
 - virtual_space_node_default_size: 8388608.
 - enlarge_chunks_in_place: 1.
 - new_chunks_are_fully_committed: 0.
 - uncommit_free_chunks: 1.
 - use_allocation_guard: 0.
 - handle_deallocations: 1.


Internal statistics:

num_allocs_failed_limit: 5.
num_arena_births: 270.
num_arena_deaths: 6.
num_vsnodes_births: 2.
num_vsnodes_deaths: 0.
num_space_committed: 561.
num_space_uncommitted: 19.
num_chunks_returned_to_freelist: 80.
num_chunks_taken_from_freelist: 1642.
num_chunk_merges: 27.
num_chunk_splits: 1142.
num_chunks_enlarged: 883.
num_inconsistent_stats: 0.

CodeHeap 'non-profiled nmethods': size=120000Kb used=4986Kb max_used=5348Kb free=115013Kb
 bounds [0x000002f156b40000, 0x000002f157080000, 0x000002f15e070000]
CodeHeap 'profiled nmethods': size=120000Kb used=14286Kb max_used=15504Kb free=105713Kb
 bounds [0x000002f14f070000, 0x000002f14ffa0000, 0x000002f1565a0000]
CodeHeap 'non-nmethods': size=5760Kb used=1252Kb max_used=1310Kb free=4507Kb
 bounds [0x000002f1565a0000, 0x000002f156810000, 0x000002f156b40000]
 total_blobs=7214 nmethods=6662 adapters=464
 compilation: enabled
              stopped_count=0, restarted_count=0
 full_count=0

Compilation events (20 events):
Event: 11.865 Thread 0x000002f165f42a90 nmethod 7877 0x000002f156ecdd10 code [0x000002f156ecdea0, 0x000002f156ecdf58]
Event: 11.865 Thread 0x000002f165f42a90 7878       1       org.apache.commons.compress.archivers.zip.StreamCompressor::getBytesRead (5 bytes)
Event: 11.865 Thread 0x000002f165f42a90 nmethod 7878 0x000002f156ecda10 code [0x000002f156ecdba0, 0x000002f156ecdc78]
Event: 11.865 Thread 0x000002f165f42a90 7879       1       java.util.zip.ZipEntry::getMethod (5 bytes)
Event: 11.865 Thread 0x000002f165f42a90 nmethod 7879 0x000002f156ed2990 code [0x000002f156ed2b20, 0x000002f156ed2bf8]
Event: 11.865 Thread 0x000002f16c574610 nmethod 7866 0x000002f156bf6090 code [0x000002f156bf6220, 0x000002f156bf64c8]
Event: 11.865 Thread 0x000002f165f42a90 7880       3       org.apache.commons.compress.archivers.zip.ZipArchiveOutputStream::hasZip64Extra (11 bytes)
Event: 11.865 Thread 0x000002f165f42a90 nmethod 7880 0x000002f14f218610 code [0x000002f14f2187c0, 0x000002f14f218aa8]
Event: 11.865 Thread 0x000002f165f42a90 7881       3       java.time.LocalDate::ofEpochDay (236 bytes)
Event: 11.866 Thread 0x000002f165f42a90 nmethod 7881 0x000002f14f1b1110 code [0x000002f14f1b1320, 0x000002f14f1b1b98]
Event: 11.866 Thread 0x000002f165f42a90 7882       3       java.time.temporal.ChronoField::checkValidIntValue (10 bytes)
Event: 11.866 Thread 0x000002f165f42a90 nmethod 7882 0x000002f14f225790 code [0x000002f14f225940, 0x000002f14f225aa8]
Event: 11.866 Thread 0x000002f165f42a90 7883       3       org.apache.commons.compress.archivers.zip.ZipLong::getBytes (12 bytes)
Event: 11.866 Thread 0x000002f165f42a90 nmethod 7883 0x000002f14f5ddb10 code [0x000002f14f5ddcc0, 0x000002f14f5dde88]
Event: 11.866 Thread 0x000002f165f42090 7884       4       java.lang.StringConcatHelper::mix (27 bytes)
Event: 11.867 Thread 0x000002f165f42090 nmethod 7884 0x000002f156d3ca90 code [0x000002f156d3cc00, 0x000002f156d3ccb8]
Event: 11.867 Thread 0x000002f165f42a90 7885       1       org.apache.commons.compress.archivers.zip.GeneralPurposeBit::useDataDescriptor (6 bytes)
Event: 11.867 Thread 0x000002f165f42a90 nmethod 7885 0x000002f156d3c790 code [0x000002f156d3c920, 0x000002f156d3c9f8]
Event: 11.867 Thread 0x000002f165f42a90 7886       1       org.apache.commons.compress.archivers.zip.ZipArchiveOutputStream$CurrentEntry::access$200 (5 bytes)
Event: 11.867 Thread 0x000002f165f42a90 nmethod 7886 0x000002f156ed2690 code [0x000002f156ed2820, 0x000002f156ed28d8]

GC Heap History (20 events):
Event: 7.816 GC heap after
{Heap after GC invocations=9 (full 0):
 garbage-first heap   total 131072K, used 49230K [0x0000000084200000, 0x0000000100000000)
  region size 1024K, 4 young (4096K), 4 survivors (4096K)
 Metaspace       used 28449K, committed 28800K, reserved 1114112K
  class space    used 3270K, committed 3456K, reserved 1048576K
}
Event: 8.601 GC heap before
{Heap before GC invocations=9 (full 0):
 garbage-first heap   total 131072K, used 102478K [0x0000000084200000, 0x0000000100000000)
  region size 1024K, 49 young (50176K), 4 survivors (4096K)
 Metaspace       used 29652K, committed 30016K, reserved 1114112K
  class space    used 3427K, committed 3584K, reserved 1048576K
}
Event: 8.615 GC heap after
{Heap after GC invocations=10 (full 0):
 garbage-first heap   total 131072K, used 68284K [0x0000000084200000, 0x0000000100000000)
  region size 1024K, 7 young (7168K), 7 survivors (7168K)
 Metaspace       used 29652K, committed 30016K, reserved 1114112K
  class space    used 3427K, committed 3584K, reserved 1048576K
}
Event: 8.930 GC heap before
{Heap before GC invocations=10 (full 0):
 garbage-first heap   total 131072K, used 84668K [0x0000000084200000, 0x0000000100000000)
  region size 1024K, 24 young (24576K), 7 survivors (7168K)
 Metaspace       used 29669K, committed 30016K, reserved 1114112K
  class space    used 3427K, committed 3584K, reserved 1048576K
}
Event: 8.944 GC heap after
{Heap after GC invocations=11 (full 0):
 garbage-first heap   total 131072K, used 74940K [0x0000000084200000, 0x0000000100000000)
  region size 1024K, 5 young (5120K), 5 survivors (5120K)
 Metaspace       used 29669K, committed 30016K, reserved 1114112K
  class space    used 3427K, committed 3584K, reserved 1048576K
}
Event: 9.423 GC heap before
{Heap before GC invocations=12 (full 0):
 garbage-first heap   total 135168K, used 97468K [0x0000000084200000, 0x0000000100000000)
  region size 1024K, 26 young (26624K), 5 survivors (5120K)
 Metaspace       used 29874K, committed 30208K, reserved 1114112K
  class space    used 3446K, committed 3584K, reserved 1048576K
}
Event: 9.434 GC heap after
{Heap after GC invocations=13 (full 0):
 garbage-first heap   total 135168K, used 81596K [0x0000000084200000, 0x0000000100000000)
  region size 1024K, 4 young (4096K), 4 survivors (4096K)
 Metaspace       used 29874K, committed 30208K, reserved 1114112K
  class space    used 3446K, committed 3584K, reserved 1048576K
}
Event: 9.489 GC heap before
{Heap before GC invocations=13 (full 0):
 garbage-first heap   total 135168K, used 83644K [0x0000000084200000, 0x0000000100000000)
  region size 1024K, 6 young (6144K), 4 survivors (4096K)
 Metaspace       used 29921K, committed 30272K, reserved 1114112K
  class space    used 3448K, committed 3584K, reserved 1048576K
}
Event: 9.497 GC heap after
{Heap after GC invocations=14 (full 0):
 garbage-first heap   total 162816K, used 71318K [0x0000000084200000, 0x0000000100000000)
  region size 1024K, 1 young (1024K), 1 survivors (1024K)
 Metaspace       used 29921K, committed 30272K, reserved 1114112K
  class space    used 3448K, committed 3584K, reserved 1048576K
}
Event: 9.590 GC heap before
{Heap before GC invocations=14 (full 0):
 garbage-first heap   total 162816K, used 76438K [0x0000000084200000, 0x0000000100000000)
  region size 1024K, 7 young (7168K), 1 survivors (1024K)
 Metaspace       used 30188K, committed 30528K, reserved 1114112K
  class space    used 3486K, committed 3648K, reserved 1048576K
}
Event: 9.592 GC heap after
{Heap after GC invocations=15 (full 0):
 garbage-first heap   total 162816K, used 69861K [0x0000000084200000, 0x0000000100000000)
  region size 1024K, 1 young (1024K), 1 survivors (1024K)
 Metaspace       used 30188K, committed 30528K, reserved 1114112K
  class space    used 3486K, committed 3648K, reserved 1048576K
}
Event: 10.185 GC heap before
{Heap before GC invocations=15 (full 0):
 garbage-first heap   total 162816K, used 103653K [0x0000000084200000, 0x0000000100000000)
  region size 1024K, 35 young (35840K), 1 survivors (1024K)
 Metaspace       used 31428K, committed 31808K, reserved 1114112K
  class space    used 3625K, committed 3776K, reserved 1048576K
}
Event: 10.187 GC heap after
{Heap after GC invocations=16 (full 0):
 garbage-first heap   total 162816K, used 68737K [0x0000000084200000, 0x0000000100000000)
  region size 1024K, 2 young (2048K), 2 survivors (2048K)
 Metaspace       used 31428K, committed 31808K, reserved 1114112K
  class space    used 3625K, committed 3776K, reserved 1048576K
}
Event: 10.745 GC heap before
{Heap before GC invocations=16 (full 0):
 garbage-first heap   total 162816K, used 108673K [0x0000000084200000, 0x0000000100000000)
  region size 1024K, 36 young (36864K), 2 survivors (2048K)
 Metaspace       used 33924K, committed 34368K, reserved 1114112K
  class space    used 3955K, committed 4160K, reserved 1048576K
}
Event: 10.752 GC heap after
{Heap after GC invocations=17 (full 0):
 garbage-first heap   total 162816K, used 77675K [0x0000000084200000, 0x0000000100000000)
  region size 1024K, 4 young (4096K), 4 survivors (4096K)
 Metaspace       used 33924K, committed 34368K, reserved 1114112K
  class space    used 3955K, committed 4160K, reserved 1048576K
}
Event: 11.722 GC heap before
{Heap before GC invocations=18 (full 0):
 garbage-first heap   total 162816K, used 130923K [0x0000000084200000, 0x0000000100000000)
  region size 1024K, 41 young (41984K), 4 survivors (4096K)
 Metaspace       used 33599K, committed 34048K, reserved 1114112K
  class space    used 3929K, committed 4160K, reserved 1048576K
}
Event: 11.728 GC heap after
{Heap after GC invocations=19 (full 0):
 garbage-first heap   total 162816K, used 70390K [0x0000000084200000, 0x0000000100000000)
  region size 1024K, 5 young (5120K), 5 survivors (5120K)
 Metaspace       used 33599K, committed 34048K, reserved 1114112K
  class space    used 3929K, committed 4160K, reserved 1048576K
}
Event: 11.810 GC heap before
{Heap before GC invocations=19 (full 0):
 garbage-first heap   total 162816K, used 72438K [0x0000000084200000, 0x0000000100000000)
  region size 1024K, 7 young (7168K), 5 survivors (5120K)
 Metaspace       used 34037K, committed 34496K, reserved 1114112K
  class space    used 3980K, committed 4224K, reserved 1048576K
}
Event: 11.817 GC heap after
{Heap after GC invocations=20 (full 0):
 garbage-first heap   total 162816K, used 55551K [0x0000000084200000, 0x0000000100000000)
  region size 1024K, 1 young (1024K), 1 survivors (1024K)
 Metaspace       used 34037K, committed 34496K, reserved 1114112K
  class space    used 3980K, committed 4224K, reserved 1048576K
}
Event: 11.873 GC heap before
{Heap before GC invocations=20 (full 0):
 garbage-first heap   total 162816K, used 60671K [0x0000000084200000, 0x0000000100000000)
  region size 1024K, 7 young (7168K), 1 survivors (1024K)
 Metaspace       used 34251K, committed 34688K, reserved 1114112K
  class space    used 4006K, committed 4224K, reserved 1048576K
}

Deoptimization events (20 events):
Event: 11.824 Thread 0x000002f1461da1b0 Uncommon trap: trap_request=0xffffff45 fr.pc=0x000002f156eba034 relative=0x0000000000000114
Event: 11.824 Thread 0x000002f1461da1b0 Uncommon trap: reason=unstable_if action=reinterpret pc=0x000002f156eba034 method=java.util.zip.CRC32.updateBytesCheck([BII)V @ 1 c2
Event: 11.824 Thread 0x000002f1461da1b0 DEOPT PACKING pc=0x000002f156eba034 sp=0x000000f4d67fd2a0
Event: 11.824 Thread 0x000002f1461da1b0 DEOPT UNPACKING pc=0x000002f1565f5ba3 sp=0x000000f4d67fd188 mode 2
Event: 11.825 Thread 0x000002f1461da1b0 Uncommon trap: trap_request=0xffffff45 fr.pc=0x000002f15706f4c8 relative=0x0000000000000408
Event: 11.825 Thread 0x000002f1461da1b0 Uncommon trap: reason=unstable_if action=reinterpret pc=0x000002f15706f4c8 method=java.lang.StringConcatHelper.simpleConcat(Ljava/lang/Object;Ljava/lang/Object;)Ljava/lang/String; @ 30 c2
Event: 11.825 Thread 0x000002f1461da1b0 DEOPT PACKING pc=0x000002f15706f4c8 sp=0x000000f4d67fd340
Event: 11.825 Thread 0x000002f1461da1b0 DEOPT UNPACKING pc=0x000002f1565f5ba3 sp=0x000000f4d67fd2e8 mode 2
Event: 11.861 Thread 0x000002f1461da1b0 Uncommon trap: trap_request=0xffffff45 fr.pc=0x000002f156d04470 relative=0x0000000000000250
Event: 11.861 Thread 0x000002f1461da1b0 Uncommon trap: reason=unstable_if action=reinterpret pc=0x000002f156d04470 method=jdk.internal.util.ArraysSupport.mismatch([B[BI)I @ 60 c2
Event: 11.861 Thread 0x000002f1461da1b0 DEOPT PACKING pc=0x000002f156d04470 sp=0x000000f4d67fd560
Event: 11.861 Thread 0x000002f1461da1b0 DEOPT UNPACKING pc=0x000002f1565f5ba3 sp=0x000000f4d67fd4a8 mode 2
Event: 11.861 Thread 0x000002f1461da1b0 Uncommon trap: trap_request=0xffffff45 fr.pc=0x000002f156d04b00 relative=0x0000000000000260
Event: 11.861 Thread 0x000002f1461da1b0 Uncommon trap: reason=unstable_if action=reinterpret pc=0x000002f156d04b00 method=jdk.internal.util.ArraysSupport.mismatch([B[BI)I @ 60 c2
Event: 11.861 Thread 0x000002f1461da1b0 DEOPT PACKING pc=0x000002f156d04b00 sp=0x000000f4d67fd4f0
Event: 11.861 Thread 0x000002f1461da1b0 DEOPT UNPACKING pc=0x000002f1565f5ba3 sp=0x000000f4d67fd4b0 mode 2
Event: 11.862 Thread 0x000002f1461da1b0 Uncommon trap: trap_request=0xffffff45 fr.pc=0x000002f156fcddb0 relative=0x0000000000000130
Event: 11.862 Thread 0x000002f1461da1b0 Uncommon trap: reason=unstable_if action=reinterpret pc=0x000002f156fcddb0 method=java.util.concurrent.TimeUnit.toMillis(J)J @ 18 c2
Event: 11.862 Thread 0x000002f1461da1b0 DEOPT PACKING pc=0x000002f156fcddb0 sp=0x000000f4d67fd3b0
Event: 11.862 Thread 0x000002f1461da1b0 DEOPT UNPACKING pc=0x000002f1565f5ba3 sp=0x000000f4d67fd328 mode 2

Classes unloaded (20 events):
Event: 10.781 Thread 0x000002f165f22820 Unloading class 0x000002f10132e7c8 'lombok/javac/apt/MessagerDiagnosticsReceiver'
Event: 10.781 Thread 0x000002f165f22820 Unloading class 0x000002f10132e420 'lombok/javac/apt/InterceptingJavaFileManager'
Event: 10.781 Thread 0x000002f165f22820 Unloading class 0x000002f10132e218 'lombok/permit/dummy/Parent'
Event: 10.781 Thread 0x000002f165f22820 Unloading class 0x000002f10132e000 'lombok/core/CleanupRegistry'
Event: 10.781 Thread 0x000002f165f22820 Unloading class 0x000002f10132dde8 'lombok/permit/Permit$Fake'
Event: 10.781 Thread 0x000002f165f22820 Unloading class 0x000002f10132dbe8 'lombok/permit/Permit'
Event: 10.781 Thread 0x000002f165f22820 Unloading class 0x000002f10132d8f8 'lombok/javac/apt/LombokProcessor$1'
Event: 10.781 Thread 0x000002f165f22820 Unloading class 0x000002f10132d700 'lombok/core/DiagnosticsReceiver'
Event: 10.781 Thread 0x000002f165f22820 Unloading class 0x000002f10132d468 'lombok/javac/apt/LombokProcessor'
Event: 10.781 Thread 0x000002f165f22820 Unloading class 0x000002f10132d238 'lombok/core/AnnotationProcessor$EcjDescriptor'
Event: 10.781 Thread 0x000002f165f22820 Unloading class 0x000002f10132d000 'lombok/core/AnnotationProcessor$JavacDescriptor'
Event: 10.781 Thread 0x000002f165f22820 Unloading class 0x000002f10132ca80 'lombok/core/AnnotationProcessor$ProcessorDescriptor'
Event: 10.781 Thread 0x000002f165f22820 Unloading class 0x000002f10132c800 'lombok/core/AnnotationProcessor'
Event: 10.781 Thread 0x000002f165f22820 Unloading class 0x000002f101361000 'lombok/launch/AnnotationProcessorHider$ClaimingProcessor'
Event: 10.781 Thread 0x000002f165f22820 Unloading class 0x000002f10132c498 'lombok/launch/AnnotationProcessorHider$AstModificationNotifierData'
Event: 10.781 Thread 0x000002f165f22820 Unloading class 0x000002f10132c218 'lombok/launch/ClassFileMetaData'
Event: 10.781 Thread 0x000002f165f22820 Unloading class 0x000002f10132c000 'lombok/launch/PackageShader'
Event: 10.781 Thread 0x000002f165f22820 Unloading class 0x000002f101308480 'lombok/launch/ShadowClassLoader'
Event: 10.781 Thread 0x000002f165f22820 Unloading class 0x000002f101308280 'lombok/launch/Main'
Event: 10.781 Thread 0x000002f165f22820 Unloading class 0x000002f101308000 'lombok/launch/AnnotationProcessorHider$AnnotationProcessor'

Classes redefined (0 events):
No events

Internal exceptions (20 events):
Event: 9.860 Thread 0x000002f1461da1b0 Exception <a 'sun/nio/fs/WindowsException'{0x000000008c970600}> (0x000000008c970600) 
thrown [s\open\src\hotspot\share\prims\jni.cpp, line 516]
Event: 9.860 Thread 0x000002f1461da1b0 Exception <a 'sun/nio/fs/WindowsException'{0x000000008c9708e0}> (0x000000008c9708e0) 
thrown [s\open\src\hotspot\share\prims\jni.cpp, line 516]
Event: 9.867 Thread 0x000002f1461da1b0 Exception <a 'sun/nio/fs/WindowsException'{0x000000008c84f280}> (0x000000008c84f280) 
thrown [s\open\src\hotspot\share\prims\jni.cpp, line 516]
Event: 9.871 Thread 0x000002f1461da1b0 Exception <a 'sun/nio/fs/WindowsException'{0x000000008c869178}> (0x000000008c869178) 
thrown [s\open\src\hotspot\share\prims\jni.cpp, line 516]
Event: 9.873 Thread 0x000002f1461da1b0 Exception <a 'sun/nio/fs/WindowsException'{0x000000008c885c88}> (0x000000008c885c88) 
thrown [s\open\src\hotspot\share\prims\jni.cpp, line 516]
Event: 9.873 Thread 0x000002f1461da1b0 Exception <a 'sun/nio/fs/WindowsException'{0x000000008c8863b0}> (0x000000008c8863b0) 
thrown [s\open\src\hotspot\share\prims\jni.cpp, line 516]
Event: 9.873 Thread 0x000002f1461da1b0 Exception <a 'sun/nio/fs/WindowsException'{0x000000008c886970}> (0x000000008c886970) 
thrown [s\open\src\hotspot\share\prims\jni.cpp, line 516]
Event: 9.873 Thread 0x000002f1461da1b0 Exception <a 'sun/nio/fs/WindowsException'{0x000000008c887088}> (0x000000008c887088) 
thrown [s\open\src\hotspot\share\prims\jni.cpp, line 516]
Event: 9.873 Thread 0x000002f1461da1b0 Exception <a 'sun/nio/fs/WindowsException'{0x000000008c887358}> (0x000000008c887358) 
thrown [s\open\src\hotspot\share\prims\jni.cpp, line 516]
Event: 9.873 Thread 0x000002f1461da1b0 Exception <a 'sun/nio/fs/WindowsException'{0x000000008c887fd0}> (0x000000008c887fd0) 
thrown [s\open\src\hotspot\share\prims\jni.cpp, line 516]
Event: 9.873 Thread 0x000002f1461da1b0 Exception <a 'sun/nio/fs/WindowsException'{0x000000008c888260}> (0x000000008c888260) 
thrown [s\open\src\hotspot\share\prims\jni.cpp, line 516]
Event: 9.873 Thread 0x000002f1461da1b0 Exception <a 'sun/nio/fs/WindowsException'{0x000000008c888ec8}> (0x000000008c888ec8) 
thrown [s\open\src\hotspot\share\prims\jni.cpp, line 516]
Event: 10.237 Thread 0x000002f16be4aeb0 Exception <a 'java/lang/NoSuchMethodError'{0x000000008d7254b8}: 'java.lang.Object java.lang.invoke.DirectMethodHandle$Holder.invokeStaticInit(java.lang.Object, java.lang.Object, long, java.lang.Object)'> (0x000000008d7254b8) 
thrown [s\open\src\hotspot\share\interpreter\linkResolver.cpp, line 759]
Event: 10.238 Thread 0x000002f16be4aeb0 Exception <a 'java/lang/NoSuchMethodError'{0x000000008d72b820}: 'java.lang.Object java.lang.invoke.DirectMethodHandle$Holder.newInvokeSpecial(java.lang.Object, java.lang.Object, long)'> (0x000000008d72b820) 
thrown [s\open\src\hotspot\share\interpreter\linkResolver.cpp, line 759]
Event: 10.238 Thread 0x000002f16be4aeb0 Exception <a 'java/lang/NoSuchMethodError'{0x000000008d72f390}: 'java.lang.Object java.lang.invoke.Invokers$Holder.linkToTargetMethod(java.lang.Object, long, java.lang.Object)'> (0x000000008d72f390) 
thrown [s\open\src\hotspot\share\interpreter\linkResolver.cpp, line 759]
Event: 10.807 Thread 0x000002f16be4bde0 Implicit null exception at 0x000002f156f5f947 to 0x000002f156f5ff14
Event: 10.807 Thread 0x000002f16be4c800 Implicit null exception at 0x000002f156f5f947 to 0x000002f156f5ff14
Event: 10.808 Thread 0x000002f16be49f80 Implicit null exception at 0x000002f156f4bf64 to 0x000002f156f4c0cc
Event: 10.809 Thread 0x000002f16be4c800 Implicit null exception at 0x000002f156f4d487 to 0x000002f156f4d79c
Event: 10.809 Thread 0x000002f16be4b8d0 Implicit null exception at 0x000002f156f4d487 to 0x000002f156f4d79c

VM Operations (20 events):
Event: 10.792 Executing VM operation: G1Concurrent done
Event: 10.805 Executing VM operation: G1Concurrent
Event: 10.805 Executing VM operation: G1Concurrent done
Event: 10.811 Executing VM operation: HandshakeAllThreads
Event: 10.811 Executing VM operation: HandshakeAllThreads done
Event: 10.816 Executing VM operation: HandshakeAllThreads
Event: 10.816 Executing VM operation: HandshakeAllThreads done
Event: 10.818 Executing VM operation: HandshakeAllThreads
Event: 10.818 Executing VM operation: HandshakeAllThreads done
Event: 11.353 Executing VM operation: HandshakeAllThreads
Event: 11.353 Executing VM operation: HandshakeAllThreads done
Event: 11.722 Executing VM operation: G1CollectForAllocation
Event: 11.728 Executing VM operation: G1CollectForAllocation done
Event: 11.810 Executing VM operation: G1CollectForAllocation
Event: 11.817 Executing VM operation: G1CollectForAllocation done
Event: 11.823 Executing VM operation: HandshakeAllThreads
Event: 11.823 Executing VM operation: HandshakeAllThreads done
Event: 11.838 Executing VM operation: HandshakeAllThreads
Event: 11.838 Executing VM operation: HandshakeAllThreads done
Event: 11.873 Executing VM operation: G1CollectForAllocation

Events (20 events):
Event: 11.844 Thread 0x000002f165f574c0 flushing nmethod 0x000002f14fc22c90
Event: 11.844 Thread 0x000002f165f574c0 flushing nmethod 0x000002f14fc23790
Event: 11.844 Thread 0x000002f165f574c0 flushing nmethod 0x000002f14fc24190
Event: 11.844 Thread 0x000002f165f574c0 flushing nmethod 0x000002f14fc24710
Event: 11.844 Thread 0x000002f165f574c0 flushing nmethod 0x000002f14fc25610
Event: 11.844 Thread 0x000002f165f574c0 flushing nmethod 0x000002f14fc25c90
Event: 11.844 Thread 0x000002f165f574c0 flushing nmethod 0x000002f14fc2ef10
Event: 11.844 Thread 0x000002f165f574c0 flushing nmethod 0x000002f14fc48e90
Event: 11.844 Thread 0x000002f165f574c0 flushing nmethod 0x000002f14fc4d090
Event: 11.844 Thread 0x000002f165f574c0 flushing nmethod 0x000002f14fc4ff10
Event: 11.844 Thread 0x000002f165f574c0 flushing nmethod 0x000002f14fc50690
Event: 11.844 Thread 0x000002f165f574c0 flushing nmethod 0x000002f14fc50d10
Event: 11.844 Thread 0x000002f165f574c0 flushing nmethod 0x000002f14fc82890
Event: 11.844 Thread 0x000002f165f574c0 flushing nmethod 0x000002f14fc84290
Event: 11.844 Thread 0x000002f165f574c0 flushing nmethod 0x000002f14fc85890
Event: 11.844 Thread 0x000002f165f574c0 flushing nmethod 0x000002f14fc87290
Event: 11.844 Thread 0x000002f165f574c0 flushing nmethod 0x000002f14fc88a90
Event: 11.844 Thread 0x000002f165f574c0 flushing nmethod 0x000002f14fc89d90
Event: 11.845 Thread 0x000002f165f574c0 flushing nmethod 0x000002f14fccc610
Event: 11.845 Thread 0x000002f165f574c0 flushing nmethod 0x000002f14fd10d10


Dynamic libraries:
0x00007ff6ba990000 - 0x00007ff6ba9a0000 	C:\Program Files\Java\jdk-17\bin\java.exe
0x00007ffe9c140000 - 0x00007ffe9c3a7000 	C:\WINDOWS\SYSTEM32\ntdll.dll
0x00007ffe9aff0000 - 0x00007ffe9b0b9000 	C:\WINDOWS\System32\KERNEL32.DLL
0x00007ffe98d70000 - 0x00007ffe99164000 	C:\WINDOWS\System32\KERNELBASE.dll
0x00007ffe99d80000 - 0x00007ffe99ecb000 	C:\WINDOWS\System32\ucrtbase.dll
0x00007ffe8a480000 - 0x00007ffe8a499000 	C:\Program Files\Java\jdk-17\bin\jli.dll
0x00007ffe8a460000 - 0x00007ffe8a47b000 	C:\Program Files\Java\jdk-17\bin\VCRUNTIME140.dll
0x00007ffe9a160000 - 0x00007ffe9a216000 	C:\WINDOWS\System32\ADVAPI32.dll
0x00007ffe99f50000 - 0x00007ffe99ff9000 	C:\WINDOWS\System32\msvcrt.dll
0x00007ffe9b3a0000 - 0x00007ffe9b447000 	C:\WINDOWS\System32\sechost.dll
0x00007ffe9b8e0000 - 0x00007ffe9b9f8000 	C:\WINDOWS\System32\RPCRT4.dll
0x00007ffe9a220000 - 0x00007ffe9a3e5000 	C:\WINDOWS\System32\USER32.dll
0x00007ffe75b10000 - 0x00007ffe75da3000 	C:\WINDOWS\WinSxS\amd64_microsoft.windows.common-controls_6595b64144ccf1df_6.0.26100.8115_none_3e075c82e3354f9c\COMCTL32.dll
0x00007ffe98cb0000 - 0x00007ffe98cd7000 	C:\WINDOWS\System32\win32u.dll
0x00007ffe9b290000 - 0x00007ffe9b2bb000 	C:\WINDOWS\System32\GDI32.dll
0x00007ffe98ad0000 - 0x00007ffe98bfb000 	C:\WINDOWS\System32\gdi32full.dll
0x00007ffe992f0000 - 0x00007ffe99393000 	C:\WINDOWS\System32\msvcp_win.dll
0x00007ffe88df0000 - 0x00007ffe88dfb000 	C:\WINDOWS\SYSTEM32\VERSION.dll
0x00007ffe9ba90000 - 0x00007ffe9bac2000 	C:\WINDOWS\System32\IMM32.DLL
0x00007ffe8a450000 - 0x00007ffe8a45c000 	C:\Program Files\Java\jdk-17\bin\vcruntime140_1.dll
0x00007ffe7b210000 - 0x00007ffe7b29e000 	C:\Program Files\Java\jdk-17\bin\msvcp140.dll
0x00007ffdafa50000 - 0x00007ffdb0630000 	C:\Program Files\Java\jdk-17\bin\server\jvm.dll
0x00007ffe9b280000 - 0x00007ffe9b288000 	C:\WINDOWS\System32\PSAPI.DLL
0x00007ffe87ed0000 - 0x00007ffe87eda000 	C:\WINDOWS\SYSTEM32\WSOCK32.dll
0x00007ffe90b80000 - 0x00007ffe90bb6000 	C:\WINDOWS\SYSTEM32\WINMM.dll
0x00007ffe9b2c0000 - 0x00007ffe9b340000 	C:\WINDOWS\System32\WS2_32.dll
0x00007ffe977a0000 - 0x00007ffe977bb000 	C:\WINDOWS\SYSTEM32\kernel.appcore.dll
0x00007ffe822a0000 - 0x00007ffe822aa000 	C:\Program Files\Java\jdk-17\bin\jimage.dll
0x00007ffe963c0000 - 0x00007ffe96602000 	C:\WINDOWS\SYSTEM32\DBGHELP.DLL
0x00007ffe9a3f0000 - 0x00007ffe9a772000 	C:\WINDOWS\System32\combase.dll
0x00007ffe9b6c0000 - 0x00007ffe9b798000 	C:\WINDOWS\System32\OLEAUT32.dll
0x00007ffe71230000 - 0x00007ffe7126b000 	C:\WINDOWS\SYSTEM32\dbgcore.DLL
0x00007ffe98c00000 - 0x00007ffe98ca5000 	C:\WINDOWS\System32\bcryptPrimitives.dll
0x00007ffe81590000 - 0x00007ffe815b5000 	C:\Program Files\Java\jdk-17\bin\java.dll
0x00007ffe7b130000 - 0x00007ffe7b207000 	C:\Program Files\Java\jdk-17\bin\jsvml.dll
0x00007ffe9a7a0000 - 0x00007ffe9af07000 	C:\WINDOWS\System32\SHELL32.dll
0x00007ffe99c10000 - 0x00007ffe99d7a000 	C:\WINDOWS\System32\wintypes.dll
0x00007ffe993a0000 - 0x00007ffe99c08000 	C:\WINDOWS\System32\windows.storage.dll
0x00007ffe9b180000 - 0x00007ffe9b278000 	C:\WINDOWS\System32\SHCORE.dll
0x00007ffe9af10000 - 0x00007ffe9af76000 	C:\WINDOWS\System32\shlwapi.dll
0x00007ffe98930000 - 0x00007ffe98959000 	C:\WINDOWS\SYSTEM32\profapi.dll
0x00007ffe82280000 - 0x00007ffe82299000 	C:\Program Files\Java\jdk-17\bin\net.dll
0x00007ffe92da0000 - 0x00007ffe92ecd000 	C:\WINDOWS\SYSTEM32\WINHTTP.dll
0x00007ffe97d10000 - 0x00007ffe97d7c000 	C:\WINDOWS\system32\mswsock.dll
0x00007ffe7e7e0000 - 0x00007ffe7e7f6000 	C:\Program Files\Java\jdk-17\bin\nio.dll
0x00007ffe7b110000 - 0x00007ffe7b128000 	C:\Program Files\Java\jdk-17\bin\zip.dll
0x00007ffe7b0e0000 - 0x00007ffe7b104000 	C:\apache-maven\lib\jansi-native\Windows\x86_64\jansi.dll
0x00007ffe81da0000 - 0x00007ffe81db0000 	C:\Program Files\Java\jdk-17\bin\verify.dll

dbghelp: loaded successfully - version: 4.0.5 - missing functions: none
symbol engine: initialized successfully - sym options: 0x614 - pdb path: .;C:\Program Files\Java\jdk-17\bin;C:\WINDOWS\SYSTEM32;C:\WINDOWS\WinSxS\amd64_microsoft.windows.common-controls_6595b64144ccf1df_6.0.26100.8115_none_3e075c82e3354f9c;C:\Program Files\Java\jdk-17\bin\server;C:\apache-maven\lib\jansi-native\Windows\x86_64

VM Arguments:
jvm_args: --enable-native-access=ALL-UNNAMED -Dclassworlds.conf=C:\apache-maven\bin\m2.conf -Dmaven.home=C:\apache-maven -Dlibrary.jansi.path=C:\apache-maven\lib\jansi-native -Dmaven.multiModuleProjectDirectory=D:\FOUNDERLINK-DEPLOY\api-gateway 
java_command: org.codehaus.plexus.classworlds.launcher.Launcher clean package -DskipTests
java_class_path (initial): C:\apache-maven\boot\plexus-classworlds-2.9.0.jar
Launcher Type: SUN_STANDARD

[Global flags]
     intx CICompilerCount                          = 4                                         {product} {ergonomic}
     uint ConcGCThreads                            = 2                                         {product} {ergonomic}
     uint G1ConcRefinementThreads                  = 8                                         {product} {ergonomic}
   size_t G1HeapRegionSize                         = 1048576                                   {product} {ergonomic}
    uintx GCDrainStackTargetSize                   = 64                                        {product} {ergonomic}
   size_t InitialHeapSize                          = 130023424                                 {product} {ergonomic}
   size_t MarkStackSize                            = 4194304                                   {product} {ergonomic}
   size_t MaxHeapSize                              = 2078277632                                {product} {ergonomic}
   size_t MaxNewSize                               = 1246756864                                {product} {ergonomic}
   size_t MinHeapDeltaBytes                        = 1048576                                   {product} {ergonomic}
   size_t MinHeapSize                              = 8388608                                   {product} {ergonomic}
    uintx NonNMethodCodeHeapSize                   = 5839372                                {pd product} {ergonomic}
    uintx NonProfiledCodeHeapSize                  = 122909434                              {pd product} {ergonomic}
    uintx ProfiledCodeHeapSize                     = 122909434                              {pd product} {ergonomic}
    uintx ReservedCodeCacheSize                    = 251658240                              {pd product} {ergonomic}
     bool SegmentedCodeCache                       = true                                      {product} {ergonomic}
   size_t SoftMaxHeapSize                          = 2078277632                             {manageable} {ergonomic}
     bool UseCompressedClassPointers               = true                           {product lp64_product} {ergonomic}
     bool UseCompressedOops                        = true                           {product lp64_product} {ergonomic}
     bool UseG1GC                                  = true                                      {product} {ergonomic}
     bool UseLargePagesIndividualAllocation        = false                                  {pd product} {ergonomic}

Logging:
Log output configuration:
 #0: stdout all=warning uptime,level,tags
 #1: stderr all=off uptime,level,tags

Environment Variables:
JAVA_HOME=C:\Program Files\Java\jdk-17
PATH=D:\app\DELL\product\11.1.0\db_2\bin;C:\app\DELL\product\21c\dbhomeXE\bin;C:\WINDOWS\system32;C:\WINDOWS;C:\WINDOWS\System32\Wbem;C:\WINDOWS\System32\WindowsPowerShell\v1.0\;C:\WINDOWS\System32\OpenSSH\;C:\Program Files\dotnet\;C:\Program Files\Java\jdk-17\bin;C:\spark\bin;C:\kafka\bin;C:\Program Files\nodejs\;C:\Program Files\Git\cmd;C:\Program Files\Docker\Docker\resources\bin;C:\apache-maven\bin;C:\Program Files\Java\jdk-17;C:\Program Files\MySQL\MySQL Shell 8.0\bin\;C:\Users\DELL\AppData\Local\Programs\Python\Python313\Scripts\;C:\Users\DELL\AppData\Local\Programs\Python\Python313\;C:\Users\DELL\AppData\Local\Microsoft\WindowsApps;C:\Users\DELL\AppData\Local\Programs\Microsoft VS Code\bin;C:\Users\DELL\AppData\Local\PowerToys\;C:\Users\DELL\AppData\Roaming\npm;C:\Users\DELL\AppData\Local\Programs\Antigravity\bin
USERNAME=DELL
OS=Windows_NT
PROCESSOR_IDENTIFIER=Intel64 Family 6 Model 140 Stepping 1, GenuineIntel



---------------  S Y S T E M  ---------------

OS:
 Windows 11 , 64 bit Build 26100 (10.0.26100.8246)
OS uptime: 0 days 1:19 hours
Hyper-V role detected

CPU: total 8 (initial active 8) (4 cores per cpu, 2 threads per core) family 6 model 140 stepping 1 microcode 0xbe, cx8, cmov, fxsr, ht, mmx, 3dnowpref, sse, sse2, sse3, ssse3, sse4.1, sse4.2, popcnt, lzcnt, tsc, tscinvbit, avx, avx2, aes, erms, clmul, bmi1, bmi2, adx, avx512f, avx512dq, avx512cd, avx512bw, avx512vl, sha, fma, vzeroupper, avx512_vpopcntdq, avx512_vpclmulqdq, avx512_vaes, avx512_vnni, clflush, clflushopt, clwb, avx512_vbmi2, avx512_vbmi, hv

Memory: 4k page, system-wide physical 7926M (608M free)
TotalPageFile size 18227M (AvailPageFile size 94M)
current process WorkingSet (physical memory assigned to process): 318M, peak: 327M
current process commit charge ("private bytes"): 350M, peak: 443M

vm_info: Java HotSpot(TM) 64-Bit Server VM (17.0.12+8-LTS-286) for windows-amd64 JRE (17.0.12+8-LTS-286), built on Jun  5 2024 06:46:59 by "mach5one" with MS VC++ 17.6 (VS2022)

END.
